# JRE version: OpenJDK Runtime Environment (22.0+36) (build 22+36-2370)
# Java VM: OpenJDK 64-Bit Server VM (22+36-2370, mixed mode, sharing, tiered, compressed oops, compressed class ptrs, g1 gc, bsd-aarch64)
GC Precious Log:
 CardTable entry size: 512
 Card Set container configuration: InlinePtr #cards 4 size 8 Array Of Cards #cards 16 size 48 Howl #buckets 8 coarsen threshold 3686 Howl Bitmap #cards 512 size 80 coarsen threshold 460 Card regions per heap region 1 cards per card region 4096
 CPUs: 10 total, 10 available
 Memory: 16384M
 Large Page Support: Disabled
 NUMA Support: Disabled
 Compressed Oops: Enabled (Zero based)
 Heap Region Size: 2M
 Heap Min Capacity: 8M
 Heap Initial Capacity: 256M
 Heap Max Capacity: 4G
 Pre-touch: Disabled
 Parallel Workers: 9
 Concurrent Workers: 2
 Concurrent Refinement Workers: 9
 Periodic GC: Disabled
Heap:
 garbage-first heap   total reserved 4194304K, committed 190464K, used 78856K [0x0000000700000000, 0x0000000800000000)
  region size 2048K, 21 young (43008K), 1 survivors (2048K)
 Metaspace       used 44409K, committed 44992K, reserved 1114112K
  class space    used 6003K, committed 6272K, reserved 1048576K
GC Heap History (20 events):
Event: 1028.123 GC heap before
{Heap before GC invocations=442 (full 0):
 garbage-first heap   total reserved 4194304K, committed 122880K, used 104472K [0x0000000700000000, 0x0000000800000000)
  region size 2048K, 36 young (73728K), 1 survivors (2048K)
 Metaspace       used 44197K, committed 44672K, reserved 1114112K
  class space    used 5985K, committed 6208K, reserved 1048576K
}
Event: 1028.126 GC heap after
{Heap after GC invocations=443 (full 0):
 garbage-first heap   total reserved 4194304K, committed 122880K, used 32794K [0x0000000700000000, 0x0000000800000000)
  region size 2048K, 1 young (2048K), 1 survivors (2048K)
 Metaspace       used 44197K, committed 44672K, reserved 1114112K
  class space    used 5985K, committed 6208K, reserved 1048576K
}
Event: 1030.129 GC heap before
{Heap before GC invocations=443 (full 0):
 garbage-first heap   total reserved 4194304K, committed 122880K, used 104474K [0x0000000700000000, 0x0000000800000000)
  region size 2048K, 36 young (73728K), 1 survivors (2048K)
 Metaspace       used 44197K, committed 44672K, reserved 1114112K
  class space    used 5985K, committed 6208K, reserved 1048576K
}
Event: 1030.130 GC heap after
{Heap after GC invocations=444 (full 0):
 garbage-first heap   total reserved 4194304K, committed 122880K, used 32792K [0x0000000700000000, 0x0000000800000000)
  region size 2048K, 1 young (2048K), 1 survivors (2048K)
 Metaspace       used 44197K, committed 44672K, reserved 1114112K
  class space    used 5985K, committed 6208K, reserved 1048576K
}
Event: 1032.198 GC heap before
{Heap before GC invocations=444 (full 0):
 garbage-first heap   total reserved 4194304K, committed 122880K, used 104472K [0x0000000700000000, 0x0000000800000000)
  region size 2048K, 36 young (73728K), 1 survivors (2048K)
 Metaspace       used 44197K, committed 44672K, reserved 1114112K
  class space    used 5985K, committed 6208K, reserved 1048576K
}
Event: 1032.199 GC heap after
{Heap after GC invocations=445 (full 0):
 garbage-first heap   total reserved 4194304K, committed 122880K, used 32794K [0x0000000700000000, 0x0000000800000000)
  region size 2048K, 1 young (2048K), 1 survivors (2048K)
 Metaspace       used 44197K, committed 44672K, reserved 1114112K
  class space    used 5985K, committed 6208K, reserved 1048576K
}
Event: 1050.254 GC heap before
{Heap before GC invocations=446 (full 0):
 garbage-first heap   total reserved 4194304K, committed 122880K, used 102426K [0x0000000700000000, 0x0000000800000000)
  region size 2048K, 36 young (73728K), 1 survivors (2048K)
 Metaspace       used 44257K, committed 44800K, reserved 1114112K
  class space    used 5987K, committed 6208K, reserved 1048576K
}
Event: 1050.255 GC heap after
{Heap after GC invocations=447 (full 0):
 garbage-first heap   total reserved 4194304K, committed 122880K, used 34823K [0x0000000700000000, 0x0000000800000000)
  region size 2048K, 1 young (2048K), 1 survivors (2048K)
 Metaspace       used 44257K, committed 44800K, reserved 1114112K
  class space    used 5987K, committed 6208K, reserved 1048576K
}
Event: 1051.025 GC heap before
{Heap before GC invocations=447 (full 0):
 garbage-first heap   total reserved 4194304K, committed 163840K, used 159751K [0x0000000700000000, 0x0000000800000000)
  region size 2048K, 28 young (57344K), 1 survivors (2048K)
 Metaspace       used 44262K, committed 44800K, reserved 1114112K
  class space    used 5987K, committed 6208K, reserved 1048576K
}
Event: 1051.025 GC heap after
{Heap after GC invocations=448 (full 0):
 garbage-first heap   total reserved 4194304K, committed 167936K, used 63246K [0x0000000700000000, 0x0000000800000000)
  region size 2048K, 1 young (2048K), 1 survivors (2048K)
 Metaspace       used 44262K, committed 44800K, reserved 1114112K
  class space    used 5987K, committed 6208K, reserved 1048576K
}
Event: 1051.027 GC heap before
{Heap before GC invocations=448 (full 0):
 garbage-first heap   total reserved 4194304K, committed 167936K, used 63246K [0x0000000700000000, 0x0000000800000000)
  region size 2048K, 2 young (4096K), 1 survivors (2048K)
 Metaspace       used 44262K, committed 44800K, reserved 1114112K
  class space    used 5987K, committed 6208K, reserved 1048576K
}
Event: 1051.028 GC heap after
{Heap after GC invocations=449 (full 0):
 garbage-first heap   total reserved 4194304K, committed 167936K, used 63241K [0x0000000700000000, 0x0000000800000000)
  region size 2048K, 1 young (2048K), 1 survivors (2048K)
 Metaspace       used 44262K, committed 44800K, reserved 1114112K
  class space    used 5987K, committed 6208K, reserved 1048576K
}
Event: 1051.569 GC heap before
{Heap before GC invocations=450 (full 0):
 garbage-first heap   total reserved 4194304K, committed 178176K, used 173833K [0x0000000700000000, 0x0000000800000000)
  region size 2048K, 31 young (63488K), 1 survivors (2048K)
 Metaspace       used 44269K, committed 44800K, reserved 1114112K
  class space    used 5987K, committed 6208K, reserved 1048576K
}
Event: 1051.570 GC heap after
{Heap after GC invocations=451 (full 0):
 garbage-first heap   total reserved 4194304K, committed 182272K, used 51295K [0x0000000700000000, 0x0000000800000000)
  region size 2048K, 2 young (4096K), 2 survivors (4096K)
 Metaspace       used 44269K, committed 44800K, reserved 1114112K
  class space    used 5987K, committed 6208K, reserved 1048576K
}
Event: 1052.427 GC heap before
{Heap before GC invocations=451 (full 0):
 garbage-first heap   total reserved 4194304K, committed 188416K, used 182367K [0x0000000700000000, 0x0000000800000000)
  region size 2048K, 36 young (73728K), 2 survivors (4096K)
 Metaspace       used 44269K, committed 44800K, reserved 1114112K
  class space    used 5987K, committed 6208K, reserved 1048576K
}
Event: 1052.436 GC heap after
{Heap after GC invocations=452 (full 0):
 garbage-first heap   total reserved 4194304K, committed 190464K, used 46055K [0x0000000700000000, 0x0000000800000000)
  region size 2048K, 1 young (2048K), 1 survivors (2048K)
 Metaspace       used 44269K, committed 44800K, reserved 1114112K
  class space    used 5987K, committed 6208K, reserved 1048576K
}
Event: 1053.047 GC heap before
{Heap before GC invocations=452 (full 0):
 garbage-first heap   total reserved 4194304K, committed 190464K, used 62439K [0x0000000700000000, 0x0000000800000000)
  region size 2048K, 11 young (22528K), 1 survivors (2048K)
 Metaspace       used 44393K, committed 44928K, reserved 1114112K
  class space    used 6000K, committed 6272K, reserved 1048576K
}
Event: 1053.048 GC heap after
{Heap after GC invocations=453 (full 0):
 garbage-first heap   total reserved 4194304K, committed 190464K, used 46044K [0x0000000700000000, 0x0000000800000000)
  region size 2048K, 1 young (2048K), 1 survivors (2048K)
 Metaspace       used 44393K, committed 44928K, reserved 1114112K
  class space    used 6000K, committed 6272K, reserved 1048576K
}
Event: 1059.673 GC heap before
{Heap before GC invocations=454 (full 0):
 garbage-first heap   total reserved 4194304K, committed 190464K, used 179164K [0x0000000700000000, 0x0000000800000000)
  region size 2048K, 55 young (112640K), 1 survivors (2048K)
 Metaspace       used 44407K, committed 44992K, reserved 1114112K
  class space    used 6003K, committed 6272K, reserved 1048576K
}
Event: 1059.675 GC heap after
{Heap after GC invocations=455 (full 0):
 garbage-first heap   total reserved 4194304K, committed 190464K, used 39944K [0x0000000700000000, 0x0000000800000000)
  region size 2048K, 1 young (2048K), 1 survivors (2048K)
 Metaspace       used 44407K, committed 44992K, reserved 1114112K
  class space    used 6003K, committed 6272K, reserved 1048576K
}

